<?xml version="1.0" encoding="UTF-8"?>
<testsuite xmlns:xsi="http://www.w3.org/2001/XMLSchema-instance" xsi:noNamespaceSchemaLocation="https://maven.apache.org/surefire/maven-surefire-plugin/xsd/surefire-test-report.xsd" name="TestSuite" time="16.053" tests="1" errors="0" skipped="0" failures="0">
  <properties>
    <property name="java.specification.version" value="14"/>
    <property name="sun.jnu.encoding" value="UTF-8"/>
    <property name="java.class.path" value="/Users/karthikreddy/eclipse-workspace/Batch9Automtion/target/test-classes:/Users/karthikreddy/eclipse-workspace/Batch9Automtion/target/classes:/Users/karthikreddy/.m2/repository/org/seleniumhq/selenium/selenium-java/3.141.59/selenium-java-3.141.59.jar:/Users/karthikreddy/.m2/repository/org/seleniumhq/selenium/selenium-api/3.141.59/selenium-api-3.141.59.jar:/Users/karthikreddy/.m2/repository/org/seleniumhq/selenium/selenium-chrome-driver/3.141.59/selenium-chrome-driver-3.141.59.jar:/Users/karthikreddy/.m2/repository/org/seleniumhq/selenium/selenium-edge-driver/3.141.59/selenium-edge-driver-3.141.59.jar:/Users/karthikreddy/.m2/repository/org/seleniumhq/selenium/selenium-firefox-driver/3.141.59/selenium-firefox-driver-3.141.59.jar:/Users/karthikreddy/.m2/repository/org/seleniumhq/selenium/selenium-ie-driver/3.141.59/selenium-ie-driver-3.141.59.jar:/Users/karthikreddy/.m2/repository/org/seleniumhq/selenium/selenium-opera-driver/3.141.59/selenium-opera-driver-3.141.59.jar:/Users/karthikreddy/.m2/repository/org/seleniumhq/selenium/selenium-remote-driver/3.141.59/selenium-remote-driver-3.141.59.jar:/Users/karthikreddy/.m2/repository/org/seleniumhq/selenium/selenium-safari-driver/3.141.59/selenium-safari-driver-3.141.59.jar:/Users/karthikreddy/.m2/repository/org/seleniumhq/selenium/selenium-support/3.141.59/selenium-support-3.141.59.jar:/Users/karthikreddy/.m2/repository/net/bytebuddy/byte-buddy/1.8.15/byte-buddy-1.8.15.jar:/Users/karthikreddy/.m2/repository/org/apache/commons/commons-exec/1.3/commons-exec-1.3.jar:/Users/karthikreddy/.m2/repository/com/google/guava/guava/25.0-jre/guava-25.0-jre.jar:/Users/karthikreddy/.m2/repository/com/google/code/findbugs/jsr305/1.3.9/jsr305-1.3.9.jar:/Users/karthikreddy/.m2/repository/org/checkerframework/checker-compat-qual/2.0.0/checker-compat-qual-2.0.0.jar:/Users/karthikreddy/.m2/repository/com/google/errorprone/error_prone_annotations/2.1.3/error_prone_annotations-2.1.3.jar:/Users/karthikreddy/.m2/repository/com/google/j2objc/j2objc-annotations/1.1/j2objc-annotations-1.1.jar:/Users/karthikreddy/.m2/repository/org/codehaus/mojo/animal-sniffer-annotations/1.14/animal-sniffer-annotations-1.14.jar:/Users/karthikreddy/.m2/repository/com/squareup/okhttp3/okhttp/3.11.0/okhttp-3.11.0.jar:/Users/karthikreddy/.m2/repository/com/squareup/okio/okio/1.14.0/okio-1.14.0.jar:/Users/karthikreddy/.m2/repository/org/testng/testng/7.3.0/testng-7.3.0.jar:/Users/karthikreddy/.m2/repository/com/beust/jcommander/1.78/jcommander-1.78.jar:/Users/karthikreddy/.m2/repository/org/apache/ant/ant/1.10.3/ant-1.10.3.jar:/Users/karthikreddy/.m2/repository/org/apache/ant/ant-launcher/1.10.3/ant-launcher-1.10.3.jar:/Users/karthikreddy/.m2/repository/junit/junit/4.12/junit-4.12.jar:/Users/karthikreddy/.m2/repository/org/hamcrest/hamcrest-core/1.3/hamcrest-core-1.3.jar:/Users/karthikreddy/.m2/repository/com/google/inject/guice/4.2.2/guice-4.2.2-no_aop.jar:/Users/karthikreddy/.m2/repository/javax/inject/javax.inject/1/javax.inject-1.jar:/Users/karthikreddy/.m2/repository/aopalliance/aopalliance/1.0/aopalliance-1.0.jar:/Users/karthikreddy/.m2/repository/org/yaml/snakeyaml/1.21/snakeyaml-1.21.jar:/Users/karthikreddy/.m2/repository/commons-lang/commons-lang/2.6/commons-lang-2.6.jar:/Users/karthikreddy/.m2/repository/net/sourceforge/jexcelapi/jxl/2.6.12/jxl-2.6.12.jar:/Users/karthikreddy/.m2/repository/log4j/log4j/1.2.14/log4j-1.2.14.jar:/Users/karthikreddy/.m2/repository/org/apache/maven/surefire/surefire-testng-utils/2.21.0/surefire-testng-utils-2.21.0.jar:/Users/karthikreddy/.m2/repository/org/apache/maven/surefire/surefire-grouper/2.21.0/surefire-grouper-2.21.0.jar:"/>
    <property name="java.vm.vendor" value="Oracle Corporation"/>
    <property name="sun.arch.data.model" value="64"/>
    <property name="java.vendor.url" value="https://java.oracle.com/"/>
    <property name="os.name" value="Mac OS X"/>
    <property name="java.vm.specification.version" value="14"/>
    <property name="sun.java.launcher" value="SUN_STANDARD"/>
    <property name="user.country" value="GB"/>
    <property name="sun.boot.library.path" value="/Library/Java/JavaVirtualMachines/jdk-14.0.2.jdk/Contents/Home/lib"/>
    <property name="sun.java.command" value="/Users/karthikreddy/eclipse-workspace/Batch9Automtion/target/surefire/surefirebooter9146371611863524490.jar /Users/karthikreddy/eclipse-workspace/Batch9Automtion/target/surefire 2020-11-19T08-39-54_245-jvmRun1 surefire2458142614734683171tmp surefire_04801858647683396523tmp"/>
    <property name="http.nonProxyHosts" value="local|*.local|169.254/16|*.169.254/16"/>
    <property name="jdk.debug" value="release"/>
    <property name="surefire.test.class.path" value="/Users/karthikreddy/eclipse-workspace/Batch9Automtion/target/test-classes:/Users/karthikreddy/eclipse-workspace/Batch9Automtion/target/classes:/Users/karthikreddy/.m2/repository/org/seleniumhq/selenium/selenium-java/3.141.59/selenium-java-3.141.59.jar:/Users/karthikreddy/.m2/repository/org/seleniumhq/selenium/selenium-api/3.141.59/selenium-api-3.141.59.jar:/Users/karthikreddy/.m2/repository/org/seleniumhq/selenium/selenium-chrome-driver/3.141.59/selenium-chrome-driver-3.141.59.jar:/Users/karthikreddy/.m2/repository/org/seleniumhq/selenium/selenium-edge-driver/3.141.59/selenium-edge-driver-3.141.59.jar:/Users/karthikreddy/.m2/repository/org/seleniumhq/selenium/selenium-firefox-driver/3.141.59/selenium-firefox-driver-3.141.59.jar:/Users/karthikreddy/.m2/repository/org/seleniumhq/selenium/selenium-ie-driver/3.141.59/selenium-ie-driver-3.141.59.jar:/Users/karthikreddy/.m2/repository/org/seleniumhq/selenium/selenium-opera-driver/3.141.59/selenium-opera-driver-3.141.59.jar:/Users/karthikreddy/.m2/repository/org/seleniumhq/selenium/selenium-remote-driver/3.141.59/selenium-remote-driver-3.141.59.jar:/Users/karthikreddy/.m2/repository/org/seleniumhq/selenium/selenium-safari-driver/3.141.59/selenium-safari-driver-3.141.59.jar:/Users/karthikreddy/.m2/repository/org/seleniumhq/selenium/selenium-support/3.141.59/selenium-support-3.141.59.jar:/Users/karthikreddy/.m2/repository/net/bytebuddy/byte-buddy/1.8.15/byte-buddy-1.8.15.jar:/Users/karthikreddy/.m2/repository/org/apache/commons/commons-exec/1.3/commons-exec-1.3.jar:/Users/karthikreddy/.m2/repository/com/google/guava/guava/25.0-jre/guava-25.0-jre.jar:/Users/karthikreddy/.m2/repository/com/google/code/findbugs/jsr305/1.3.9/jsr305-1.3.9.jar:/Users/karthikreddy/.m2/repository/org/checkerframework/checker-compat-qual/2.0.0/checker-compat-qual-2.0.0.jar:/Users/karthikreddy/.m2/repository/com/google/errorprone/error_prone_annotations/2.1.3/error_prone_annotations-2.1.3.jar:/Users/karthikreddy/.m2/repository/com/google/j2objc/j2objc-annotations/1.1/j2objc-annotations-1.1.jar:/Users/karthikreddy/.m2/repository/org/codehaus/mojo/animal-sniffer-annotations/1.14/animal-sniffer-annotations-1.14.jar:/Users/karthikreddy/.m2/repository/com/squareup/okhttp3/okhttp/3.11.0/okhttp-3.11.0.jar:/Users/karthikreddy/.m2/repository/com/squareup/okio/okio/1.14.0/okio-1.14.0.jar:/Users/karthikreddy/.m2/repository/org/testng/testng/7.3.0/testng-7.3.0.jar:/Users/karthikreddy/.m2/repository/com/beust/jcommander/1.78/jcommander-1.78.jar:/Users/karthikreddy/.m2/repository/org/apache/ant/ant/1.10.3/ant-1.10.3.jar:/Users/karthikreddy/.m2/repository/org/apache/ant/ant-launcher/1.10.3/ant-launcher-1.10.3.jar:/Users/karthikreddy/.m2/repository/junit/junit/4.12/junit-4.12.jar:/Users/karthikreddy/.m2/repository/org/hamcrest/hamcrest-core/1.3/hamcrest-core-1.3.jar:/Users/karthikreddy/.m2/repository/com/google/inject/guice/4.2.2/guice-4.2.2-no_aop.jar:/Users/karthikreddy/.m2/repository/javax/inject/javax.inject/1/javax.inject-1.jar:/Users/karthikreddy/.m2/repository/aopalliance/aopalliance/1.0/aopalliance-1.0.jar:/Users/karthikreddy/.m2/repository/org/yaml/snakeyaml/1.21/snakeyaml-1.21.jar:/Users/karthikreddy/.m2/repository/commons-lang/commons-lang/2.6/commons-lang-2.6.jar:/Users/karthikreddy/.m2/repository/net/sourceforge/jexcelapi/jxl/2.6.12/jxl-2.6.12.jar:/Users/karthikreddy/.m2/repository/log4j/log4j/1.2.14/log4j-1.2.14.jar:/Users/karthikreddy/.m2/repository/org/apache/maven/surefire/surefire-testng-utils/2.21.0/surefire-testng-utils-2.21.0.jar:/Users/karthikreddy/.m2/repository/org/apache/maven/surefire/surefire-grouper/2.21.0/surefire-grouper-2.21.0.jar:"/>
    <property name="sun.cpu.endian" value="little"/>
    <property name="user.home" value="/Users/karthikreddy"/>
    <property name="user.language" value="en"/>
    <property name="java.specification.vendor" value="Oracle Corporation"/>
    <property name="java.version.date" value="2020-07-14"/>
    <property name="java.home" value="/Library/Java/JavaVirtualMachines/jdk-14.0.2.jdk/Contents/Home"/>
    <property name="file.separator" value="/"/>
    <property name="basedir" value="/Users/karthikreddy/eclipse-workspace/Batch9Automtion"/>
    <property name="java.vm.compressedOopsMode" value="Zero based"/>
    <property name="line.separator" value="&#10;"/>
    <property name="java.specification.name" value="Java Platform API Specification"/>
    <property name="java.vm.specification.vendor" value="Oracle Corporation"/>
    <property name="surefire.real.class.path" value="/Users/karthikreddy/eclipse-workspace/Batch9Automtion/target/surefire/surefirebooter9146371611863524490.jar"/>
    <property name="sun.management.compiler" value="HotSpot 64-Bit Tiered Compilers"/>
    <property name="ftp.nonProxyHosts" value="local|*.local|169.254/16|*.169.254/16"/>
    <property name="java.runtime.version" value="14.0.2+12-46"/>
    <property name="user.name" value="karthikreddy"/>
    <property name="path.separator" value=":"/>
    <property name="os.version" value="10.16"/>
    <property name="java.runtime.name" value="Java(TM) SE Runtime Environment"/>
    <property name="file.encoding" value="UTF-8"/>
    <property name="java.vm.name" value="Java HotSpot(TM) 64-Bit Server VM"/>
    <property name="localRepository" value="/Users/karthikreddy/.m2/repository"/>
    <property name="java.vendor.url.bug" value="https://bugreport.java.com/bugreport/"/>
    <property name="java.io.tmpdir" value="/var/folders/sb/ng38vb9d25d8k5lqrljj4q100000gn/T/"/>
    <property name="java.version" value="14.0.2"/>
    <property name="user.dir" value="/Users/karthikreddy/eclipse-workspace/Batch9Automtion"/>
    <property name="os.arch" value="x86_64"/>
    <property name="java.vm.specification.name" value="Java Virtual Machine Specification"/>
    <property name="java.library.path" value="/Users/karthikreddy/Library/Java/Extensions:/Library/Java/Extensions:/Network/Library/Java/Extensions:/System/Library/Java/Extensions:/usr/lib/java:."/>
    <property name="java.vm.info" value="mixed mode, sharing"/>
    <property name="java.vendor" value="Oracle Corporation"/>
    <property name="java.vm.version" value="14.0.2+12-46"/>
    <property name="sun.io.unicode.encoding" value="UnicodeBig"/>
    <property name="socksNonProxyHosts" value="local|*.local|169.254/16|*.169.254/16"/>
    <property name="java.class.version" value="58.0"/>
  </properties>
  <testcase name="testLoginWithValidCredentials" classname="com.autopractice.tests.LoginTest" time="2.146"/>
</testsuite>