<?xml version="1.0" encoding="UTF-8"?>
<!-- Generated by org.testng.reporters.JUnitReportReporter -->
<testsuite hostname="Karthiks-MacBook-Pro.local" failures="0" tests="2" name="com.autopractice.tests.LoginTest" time="4.417" errors="0" timestamp="2020-11-19T08:40:10 GMT" skipped="1">
  <testcase classname="com.autopractice.tests.LoginTest" name="testLoginWithValidCredentials" time="4.417"/>
  <system-out/>
  <testcase classname="com.autopractice.tests.LoginTest" name="testLoginPageWithEmptyCredentials">
    <skipped/>
  </testcase> <!-- testLoginPageWithEmptyCredentials -->
  <system-out/>
</testsuite> <!-- com.autopractice.tests.LoginTest -->
